<?xml version="1.0" encoding="UTF-8"?>
<!-- Generated by org.testng.reporters.JUnitReportReporter -->
<testsuite hostname="5CD9357PH6" failures="0" tests="1" name="lmatevosyan.test.FirstTest" time="43.518" errors="0" timestamp="2020-04-23T14:36:51 MSK" skipped="0">
  <testcase classname="lmatevosyan.test.FirstTest" name="testBusketCost" time="43.518"/>
  <system-out/>
</testsuite> <!-- lmatevosyan.test.FirstTest -->
