<?xml version="1.0" encoding="UTF-8"?>
<!-- Generated by org.testng.reporters.JUnitReportReporter -->
<testsuite ignored="0" hostname="5CD9357PH6" failures="0" tests="1" name="lmatevosyan.test.FirstTest" time="37.825" errors="0" timestamp="14 апр. 2020 05:41:43 GMT" skipped="0">
  <testcase classname="lmatevosyan.test.FirstTest" name="testBusketCost" time="37.825"/>
</testsuite> <!-- lmatevosyan.test.FirstTest -->
