<?xml version="1.0" encoding="UTF-8"?>
<!-- Generated by org.testng.reporters.JUnitReportReporter -->
<testsuite hostname="5CD9357PH6" failures="0" tests="1" name="lmatevosyan.test.FirstTest" time="29.592" errors="0" timestamp="2020-04-16T11:03:42 MSK" skipped="0">
  <testcase classname="lmatevosyan.test.FirstTest" name="testBusketCost" time="29.592"/>
  <system-out/>
</testsuite> <!-- lmatevosyan.test.FirstTest -->
