<?xml version="1.0" encoding="UTF-8"?>
<!-- Generated by org.testng.reporters.JUnitReportReporter -->
<testsuite ignored="0" hostname="5CD9357PH6" failures="0" tests="1" name="lmatevosyan.test.FirstTest" time="10.855" errors="0" timestamp="09 апр. 2020 14:44:10 GMT" skipped="0">
  <testcase classname="lmatevosyan.test.FirstTest" name="gotoOzonPage" time="10.855"/>
</testsuite> <!-- lmatevosyan.test.FirstTest -->
