<?xml version="1.0" encoding="UTF-8"?>
<!-- Generated by org.testng.reporters.JUnitReportReporter -->
<testsuite hostname="5CD9357PH6" failures="0" tests="1" name="lmatevosyan.test.FirstTest" time="33.403" errors="0" timestamp="2020-04-14T12:02:08 MSK" skipped="0">
  <testcase classname="lmatevosyan.test.FirstTest" name="testBusketCost" time="33.403"/>
  <system-out/>
</testsuite> <!-- lmatevosyan.test.FirstTest -->
